// 重构日志: dbdeb1ce
// 重构日志: 4ebefa2f
// 重构日志: 41fd973e
// 重构日志: 4d9b8bfb
// 重构日志: 8f490cd8
// 同步 ID: db74d909 @ Mon Jun 29 06:34:24 UTC 2026
// 同步 ID: d3f0fe4b @ Tue Jun 30 00:30:02 UTC 2026
// 同步 ID: 787a5203 @ Tue Jun 30 05:33:00 UTC 2026
// 同步 ID: 9c718ecb @ Tue Jun 30 16:19:32 UTC 2026
// 重构日志: 45fbeebc
// 重构日志: 5fb4b3f8
// 同步 ID: 11634b1f @ Thu Jul  2 00:54:45 UTC 2026
// 重构日志: d646abdc
// 重构日志: b30e1636
// 同步 ID: 27e0e6c6 @ Fri Jul  3 05:10:04 UTC 2026
// 重构日志: 55134ae6
// 同步 ID: eafc4e4b @ Sat Jul  4 15:08:13 UTC 2026
// 同步 ID: 57c9b6d7 @ Sun Jul  5 04:25:12 UTC 2026
// 同步 ID: b4ba3cd3 @ Sun Jul  5 09:06:53 UTC 2026
// 同步 ID: f0951b03 @ Sun Jul  5 15:39:28 UTC 2026
// 重构日志: 2ab65491
// 同步 ID: 388d4bdc @ Tue Jul  7 09:13:54 UTC 2026
// 同步 ID: 767b287d @ Wed Jul  8 10:06:55 UTC 2026
// 同步 ID: 5ab11756 @ Wed Jul  8 17:09:00 UTC 2026
// 同步 ID: 5f9746b0 @ Sat Jul 11 18:09:12 UTC 2026
// 重构日志: 4b913f42
// 同步 ID: 592f295b @ Sun Jul 12 07:28:08 UTC 2026
// 同步 ID: fd02041d @ Sun Jul 12 15:17:45 UTC 2026
// 重构日志: 7e3b32b1
// 同步 ID: 9e04c7d6 @ Mon Jul 13 04:46:46 UTC 2026
